<?xml version="1.0" encoding="UTF-8"?>
<testsuite xmlns:xsi="http://www.w3.org/2001/XMLSchema-instance" xsi:noNamespaceSchemaLocation="https://maven.apache.org/surefire/maven-surefire-plugin/xsd/surefire-test-report-3.0.xsd" version="3.0" name="TestSuite" time="0.643" tests="6" errors="0" skipped="4" failures="2">
  <properties>
    <property name="sun.desktop" value="gnome"/>
    <property name="awt.toolkit" value="sun.awt.X11.XToolkit"/>
    <property name="java.specification.version" value="11"/>
    <property name="sun.cpu.isalist" value=""/>
    <property name="sun.jnu.encoding" value="UTF-8"/>
    <property name="java.class.path" value="/home/milencho/SauceDemo/target/test-classes:/home/milencho/SauceDemo/target/classes:/home/milencho/.m2/repository/org/seleniumhq/selenium/selenium-java/4.0.0-beta-1/selenium-java-4.0.0-beta-1.jar:/home/milencho/.m2/repository/org/seleniumhq/selenium/selenium-api/4.0.0-beta-1/selenium-api-4.0.0-beta-1.jar:/home/milencho/.m2/repository/org/seleniumhq/selenium/selenium-chrome-driver/4.0.0-beta-1/selenium-chrome-driver-4.0.0-beta-1.jar:/home/milencho/.m2/repository/com/google/auto/service/auto-service-annotations/1.0-rc7/auto-service-annotations-1.0-rc7.jar:/home/milencho/.m2/repository/com/google/auto/service/auto-service/1.0-rc7/auto-service-1.0-rc7.jar:/home/milencho/.m2/repository/com/google/auto/auto-common/0.10/auto-common-0.10.jar:/home/milencho/.m2/repository/com/google/guava/guava/30.1-jre/guava-30.1-jre.jar:/home/milencho/.m2/repository/com/google/guava/failureaccess/1.0.1/failureaccess-1.0.1.jar:/home/milencho/.m2/repository/com/google/guava/listenablefuture/9999.0-empty-to-avoid-conflict-with-guava/listenablefuture-9999.0-empty-to-avoid-conflict-with-guava.jar:/home/milencho/.m2/repository/com/google/code/findbugs/jsr305/3.0.2/jsr305-3.0.2.jar:/home/milencho/.m2/repository/org/checkerframework/checker-qual/3.5.0/checker-qual-3.5.0.jar:/home/milencho/.m2/repository/com/google/errorprone/error_prone_annotations/2.3.4/error_prone_annotations-2.3.4.jar:/home/milencho/.m2/repository/com/google/j2objc/j2objc-annotations/1.3/j2objc-annotations-1.3.jar:/home/milencho/.m2/repository/org/seleniumhq/selenium/selenium-chromium-driver/4.0.0-beta-1/selenium-chromium-driver-4.0.0-beta-1.jar:/home/milencho/.m2/repository/org/seleniumhq/selenium/selenium-devtools/4.0.0-beta-1/selenium-devtools-4.0.0-beta-1.jar:/home/milencho/.m2/repository/org/seleniumhq/selenium/selenium-http/4.0.0-beta-1/selenium-http-4.0.0-beta-1.jar:/home/milencho/.m2/repository/org/seleniumhq/selenium/selenium-json/4.0.0-beta-1/selenium-json-4.0.0-beta-1.jar:/home/milencho/.m2/repository/org/seleniumhq/selenium/selenium-devtools-v86/4.0.0-beta-1/selenium-devtools-v86-4.0.0-beta-1.jar:/home/milencho/.m2/repository/org/seleniumhq/selenium/selenium-devtools-v87/4.0.0-beta-1/selenium-devtools-v87-4.0.0-beta-1.jar:/home/milencho/.m2/repository/org/seleniumhq/selenium/selenium-devtools-v88/4.0.0-beta-1/selenium-devtools-v88-4.0.0-beta-1.jar:/home/milencho/.m2/repository/org/seleniumhq/selenium/selenium-devtools-v89/4.0.0-beta-1/selenium-devtools-v89-4.0.0-beta-1.jar:/home/milencho/.m2/repository/org/seleniumhq/selenium/selenium-edge-driver/4.0.0-beta-1/selenium-edge-driver-4.0.0-beta-1.jar:/home/milencho/.m2/repository/org/seleniumhq/selenium/selenium-firefox-driver/4.0.0-beta-1/selenium-firefox-driver-4.0.0-beta-1.jar:/home/milencho/.m2/repository/org/seleniumhq/selenium/selenium-firefox-xpi-driver/4.0.0-beta-1/selenium-firefox-xpi-driver-4.0.0-beta-1.jar:/home/milencho/.m2/repository/org/seleniumhq/selenium/selenium-ie-driver/4.0.0-beta-1/selenium-ie-driver-4.0.0-beta-1.jar:/home/milencho/.m2/repository/org/seleniumhq/selenium/selenium-opera-driver/4.0.0-beta-1/selenium-opera-driver-4.0.0-beta-1.jar:/home/milencho/.m2/repository/org/seleniumhq/selenium/selenium-remote-driver/4.0.0-beta-1/selenium-remote-driver-4.0.0-beta-1.jar:/home/milencho/.m2/repository/io/netty/netty-buffer/4.1.58.Final/netty-buffer-4.1.58.Final.jar:/home/milencho/.m2/repository/io/netty/netty-codec-http/4.1.58.Final/netty-codec-http-4.1.58.Final.jar:/home/milencho/.m2/repository/io/netty/netty-codec/4.1.58.Final/netty-codec-4.1.58.Final.jar:/home/milencho/.m2/repository/io/netty/netty-handler/4.1.58.Final/netty-handler-4.1.58.Final.jar:/home/milencho/.m2/repository/io/netty/netty-common/4.1.58.Final/netty-common-4.1.58.Final.jar:/home/milencho/.m2/repository/io/netty/netty-transport-native-epoll/4.1.58.Final/netty-transport-native-epoll-4.1.58.Final.jar:/home/milencho/.m2/repository/io/netty/netty-transport-native-kqueue/4.1.58.Final/netty-transport-native-kqueue-4.1.58.Final.jar:/home/milencho/.m2/repository/io/netty/netty-transport-native-unix-common/4.1.58.Final/netty-transport-native-unix-common-4.1.58.Final.jar:/home/milencho/.m2/repository/io/netty/netty-transport/4.1.58.Final/netty-transport-4.1.58.Final.jar:/home/milencho/.m2/repository/io/netty/netty-resolver/4.1.58.Final/netty-resolver-4.1.58.Final.jar:/home/milencho/.m2/repository/io/opentelemetry/opentelemetry-api/0.14.1/opentelemetry-api-0.14.1.jar:/home/milencho/.m2/repository/io/opentelemetry/opentelemetry-context/0.14.1/opentelemetry-context-0.14.1.jar:/home/milencho/.m2/repository/io/opentelemetry/opentelemetry-exporter-logging/0.14.1/opentelemetry-exporter-logging-0.14.1.jar:/home/milencho/.m2/repository/io/opentelemetry/opentelemetry-sdk-metrics/0.14.1-alpha/opentelemetry-sdk-metrics-0.14.1-alpha.jar:/home/milencho/.m2/repository/io/opentelemetry/opentelemetry-sdk-common/0.14.1/opentelemetry-sdk-common-0.14.1.jar:/home/milencho/.m2/repository/io/opentelemetry/opentelemetry-sdk-trace/0.14.1/opentelemetry-sdk-trace-0.14.1.jar:/home/milencho/.m2/repository/io/opentelemetry/opentelemetry-api-metrics/0.14.1-alpha/opentelemetry-api-metrics-0.14.1-alpha.jar:/home/milencho/.m2/repository/io/opentelemetry/opentelemetry-sdk/0.14.1/opentelemetry-sdk-0.14.1.jar:/home/milencho/.m2/repository/io/opentelemetry/opentelemetry-semconv/0.14.1/opentelemetry-semconv-0.14.1.jar:/home/milencho/.m2/repository/net/bytebuddy/byte-buddy/1.10.19/byte-buddy-1.10.19.jar:/home/milencho/.m2/repository/org/apache/commons/commons-exec/1.3/commons-exec-1.3.jar:/home/milencho/.m2/repository/org/asynchttpclient/async-http-client/2.12.2/async-http-client-2.12.2.jar:/home/milencho/.m2/repository/org/asynchttpclient/async-http-client-netty-utils/2.12.2/async-http-client-netty-utils-2.12.2.jar:/home/milencho/.m2/repository/io/netty/netty-codec-socks/4.1.53.Final/netty-codec-socks-4.1.53.Final.jar:/home/milencho/.m2/repository/io/netty/netty-handler-proxy/4.1.53.Final/netty-handler-proxy-4.1.53.Final.jar:/home/milencho/.m2/repository/io/netty/netty-transport-native-epoll/4.1.53.Final/netty-transport-native-epoll-4.1.53.Final-linux-x86_64.jar:/home/milencho/.m2/repository/io/netty/netty-transport-native-kqueue/4.1.53.Final/netty-transport-native-kqueue-4.1.53.Final-osx-x86_64.jar:/home/milencho/.m2/repository/org/reactivestreams/reactive-streams/1.0.3/reactive-streams-1.0.3.jar:/home/milencho/.m2/repository/com/typesafe/netty/netty-reactive-streams/2.0.4/netty-reactive-streams-2.0.4.jar:/home/milencho/.m2/repository/org/slf4j/slf4j-api/1.7.30/slf4j-api-1.7.30.jar:/home/milencho/.m2/repository/com/sun/activation/jakarta.activation/1.2.2/jakarta.activation-1.2.2.jar:/home/milencho/.m2/repository/org/seleniumhq/selenium/selenium-safari-driver/4.0.0-beta-1/selenium-safari-driver-4.0.0-beta-1.jar:/home/milencho/.m2/repository/org/seleniumhq/selenium/selenium-support/4.0.0-beta-1/selenium-support-4.0.0-beta-1.jar:/home/milencho/.m2/repository/org/testng/testng/7.4.0/testng-7.4.0.jar:/home/milencho/.m2/repository/com/beust/jcommander/1.78/jcommander-1.78.jar:/home/milencho/.m2/repository/org/webjars/jquery/3.5.1/jquery-3.5.1.jar:"/>
    <property name="java.vm.vendor" value="Ubuntu"/>
    <property name="sun.arch.data.model" value="64"/>
    <property name="java.vendor.url" value="https://ubuntu.com/"/>
    <property name="user.timezone" value="Europe/Athens"/>
    <property name="browserName" value="chrome"/>
    <property name="java.vm.specification.version" value="11"/>
    <property name="os.name" value="Linux"/>
    <property name="sun.java.launcher" value="SUN_STANDARD"/>
    <property name="user.country" value="US"/>
    <property name="sun.boot.library.path" value="/usr/lib/jvm/java-11-openjdk-amd64/lib"/>
    <property name="sun.java.command" value="/home/milencho/SauceDemo/target/surefire/surefirebooter10347065317682858127.jar /home/milencho/SauceDemo/target/surefire 2021-04-13T15-33-50_639-jvmRun1 surefire11264064379725113399tmp surefire_012537410207443860856tmp"/>
    <property name="jdk.debug" value="release"/>
    <property name="surefire.test.class.path" value="/home/milencho/SauceDemo/target/test-classes:/home/milencho/SauceDemo/target/classes:/home/milencho/.m2/repository/org/seleniumhq/selenium/selenium-java/4.0.0-beta-1/selenium-java-4.0.0-beta-1.jar:/home/milencho/.m2/repository/org/seleniumhq/selenium/selenium-api/4.0.0-beta-1/selenium-api-4.0.0-beta-1.jar:/home/milencho/.m2/repository/org/seleniumhq/selenium/selenium-chrome-driver/4.0.0-beta-1/selenium-chrome-driver-4.0.0-beta-1.jar:/home/milencho/.m2/repository/com/google/auto/service/auto-service-annotations/1.0-rc7/auto-service-annotations-1.0-rc7.jar:/home/milencho/.m2/repository/com/google/auto/service/auto-service/1.0-rc7/auto-service-1.0-rc7.jar:/home/milencho/.m2/repository/com/google/auto/auto-common/0.10/auto-common-0.10.jar:/home/milencho/.m2/repository/com/google/guava/guava/30.1-jre/guava-30.1-jre.jar:/home/milencho/.m2/repository/com/google/guava/failureaccess/1.0.1/failureaccess-1.0.1.jar:/home/milencho/.m2/repository/com/google/guava/listenablefuture/9999.0-empty-to-avoid-conflict-with-guava/listenablefuture-9999.0-empty-to-avoid-conflict-with-guava.jar:/home/milencho/.m2/repository/com/google/code/findbugs/jsr305/3.0.2/jsr305-3.0.2.jar:/home/milencho/.m2/repository/org/checkerframework/checker-qual/3.5.0/checker-qual-3.5.0.jar:/home/milencho/.m2/repository/com/google/errorprone/error_prone_annotations/2.3.4/error_prone_annotations-2.3.4.jar:/home/milencho/.m2/repository/com/google/j2objc/j2objc-annotations/1.3/j2objc-annotations-1.3.jar:/home/milencho/.m2/repository/org/seleniumhq/selenium/selenium-chromium-driver/4.0.0-beta-1/selenium-chromium-driver-4.0.0-beta-1.jar:/home/milencho/.m2/repository/org/seleniumhq/selenium/selenium-devtools/4.0.0-beta-1/selenium-devtools-4.0.0-beta-1.jar:/home/milencho/.m2/repository/org/seleniumhq/selenium/selenium-http/4.0.0-beta-1/selenium-http-4.0.0-beta-1.jar:/home/milencho/.m2/repository/org/seleniumhq/selenium/selenium-json/4.0.0-beta-1/selenium-json-4.0.0-beta-1.jar:/home/milencho/.m2/repository/org/seleniumhq/selenium/selenium-devtools-v86/4.0.0-beta-1/selenium-devtools-v86-4.0.0-beta-1.jar:/home/milencho/.m2/repository/org/seleniumhq/selenium/selenium-devtools-v87/4.0.0-beta-1/selenium-devtools-v87-4.0.0-beta-1.jar:/home/milencho/.m2/repository/org/seleniumhq/selenium/selenium-devtools-v88/4.0.0-beta-1/selenium-devtools-v88-4.0.0-beta-1.jar:/home/milencho/.m2/repository/org/seleniumhq/selenium/selenium-devtools-v89/4.0.0-beta-1/selenium-devtools-v89-4.0.0-beta-1.jar:/home/milencho/.m2/repository/org/seleniumhq/selenium/selenium-edge-driver/4.0.0-beta-1/selenium-edge-driver-4.0.0-beta-1.jar:/home/milencho/.m2/repository/org/seleniumhq/selenium/selenium-firefox-driver/4.0.0-beta-1/selenium-firefox-driver-4.0.0-beta-1.jar:/home/milencho/.m2/repository/org/seleniumhq/selenium/selenium-firefox-xpi-driver/4.0.0-beta-1/selenium-firefox-xpi-driver-4.0.0-beta-1.jar:/home/milencho/.m2/repository/org/seleniumhq/selenium/selenium-ie-driver/4.0.0-beta-1/selenium-ie-driver-4.0.0-beta-1.jar:/home/milencho/.m2/repository/org/seleniumhq/selenium/selenium-opera-driver/4.0.0-beta-1/selenium-opera-driver-4.0.0-beta-1.jar:/home/milencho/.m2/repository/org/seleniumhq/selenium/selenium-remote-driver/4.0.0-beta-1/selenium-remote-driver-4.0.0-beta-1.jar:/home/milencho/.m2/repository/io/netty/netty-buffer/4.1.58.Final/netty-buffer-4.1.58.Final.jar:/home/milencho/.m2/repository/io/netty/netty-codec-http/4.1.58.Final/netty-codec-http-4.1.58.Final.jar:/home/milencho/.m2/repository/io/netty/netty-codec/4.1.58.Final/netty-codec-4.1.58.Final.jar:/home/milencho/.m2/repository/io/netty/netty-handler/4.1.58.Final/netty-handler-4.1.58.Final.jar:/home/milencho/.m2/repository/io/netty/netty-common/4.1.58.Final/netty-common-4.1.58.Final.jar:/home/milencho/.m2/repository/io/netty/netty-transport-native-epoll/4.1.58.Final/netty-transport-native-epoll-4.1.58.Final.jar:/home/milencho/.m2/repository/io/netty/netty-transport-native-kqueue/4.1.58.Final/netty-transport-native-kqueue-4.1.58.Final.jar:/home/milencho/.m2/repository/io/netty/netty-transport-native-unix-common/4.1.58.Final/netty-transport-native-unix-common-4.1.58.Final.jar:/home/milencho/.m2/repository/io/netty/netty-transport/4.1.58.Final/netty-transport-4.1.58.Final.jar:/home/milencho/.m2/repository/io/netty/netty-resolver/4.1.58.Final/netty-resolver-4.1.58.Final.jar:/home/milencho/.m2/repository/io/opentelemetry/opentelemetry-api/0.14.1/opentelemetry-api-0.14.1.jar:/home/milencho/.m2/repository/io/opentelemetry/opentelemetry-context/0.14.1/opentelemetry-context-0.14.1.jar:/home/milencho/.m2/repository/io/opentelemetry/opentelemetry-exporter-logging/0.14.1/opentelemetry-exporter-logging-0.14.1.jar:/home/milencho/.m2/repository/io/opentelemetry/opentelemetry-sdk-metrics/0.14.1-alpha/opentelemetry-sdk-metrics-0.14.1-alpha.jar:/home/milencho/.m2/repository/io/opentelemetry/opentelemetry-sdk-common/0.14.1/opentelemetry-sdk-common-0.14.1.jar:/home/milencho/.m2/repository/io/opentelemetry/opentelemetry-sdk-trace/0.14.1/opentelemetry-sdk-trace-0.14.1.jar:/home/milencho/.m2/repository/io/opentelemetry/opentelemetry-api-metrics/0.14.1-alpha/opentelemetry-api-metrics-0.14.1-alpha.jar:/home/milencho/.m2/repository/io/opentelemetry/opentelemetry-sdk/0.14.1/opentelemetry-sdk-0.14.1.jar:/home/milencho/.m2/repository/io/opentelemetry/opentelemetry-semconv/0.14.1/opentelemetry-semconv-0.14.1.jar:/home/milencho/.m2/repository/net/bytebuddy/byte-buddy/1.10.19/byte-buddy-1.10.19.jar:/home/milencho/.m2/repository/org/apache/commons/commons-exec/1.3/commons-exec-1.3.jar:/home/milencho/.m2/repository/org/asynchttpclient/async-http-client/2.12.2/async-http-client-2.12.2.jar:/home/milencho/.m2/repository/org/asynchttpclient/async-http-client-netty-utils/2.12.2/async-http-client-netty-utils-2.12.2.jar:/home/milencho/.m2/repository/io/netty/netty-codec-socks/4.1.53.Final/netty-codec-socks-4.1.53.Final.jar:/home/milencho/.m2/repository/io/netty/netty-handler-proxy/4.1.53.Final/netty-handler-proxy-4.1.53.Final.jar:/home/milencho/.m2/repository/io/netty/netty-transport-native-epoll/4.1.53.Final/netty-transport-native-epoll-4.1.53.Final-linux-x86_64.jar:/home/milencho/.m2/repository/io/netty/netty-transport-native-kqueue/4.1.53.Final/netty-transport-native-kqueue-4.1.53.Final-osx-x86_64.jar:/home/milencho/.m2/repository/org/reactivestreams/reactive-streams/1.0.3/reactive-streams-1.0.3.jar:/home/milencho/.m2/repository/com/typesafe/netty/netty-reactive-streams/2.0.4/netty-reactive-streams-2.0.4.jar:/home/milencho/.m2/repository/org/slf4j/slf4j-api/1.7.30/slf4j-api-1.7.30.jar:/home/milencho/.m2/repository/com/sun/activation/jakarta.activation/1.2.2/jakarta.activation-1.2.2.jar:/home/milencho/.m2/repository/org/seleniumhq/selenium/selenium-safari-driver/4.0.0-beta-1/selenium-safari-driver-4.0.0-beta-1.jar:/home/milencho/.m2/repository/org/seleniumhq/selenium/selenium-support/4.0.0-beta-1/selenium-support-4.0.0-beta-1.jar:/home/milencho/.m2/repository/org/testng/testng/7.4.0/testng-7.4.0.jar:/home/milencho/.m2/repository/com/beust/jcommander/1.78/jcommander-1.78.jar:/home/milencho/.m2/repository/org/webjars/jquery/3.5.1/jquery-3.5.1.jar:"/>
    <property name="sun.cpu.endian" value="little"/>
    <property name="user.home" value="/home/milencho"/>
    <property name="user.language" value="en"/>
    <property name="java.specification.vendor" value="Oracle Corporation"/>
    <property name="java.version.date" value="2021-01-19"/>
    <property name="java.home" value="/usr/lib/jvm/java-11-openjdk-amd64"/>
    <property name="file.separator" value="/"/>
    <property name="basedir" value="/home/milencho/SauceDemo"/>
    <property name="java.vm.compressedOopsMode" value="Zero based"/>
    <property name="line.separator" value="&#10;"/>
    <property name="java.specification.name" value="Java Platform API Specification"/>
    <property name="java.vm.specification.vendor" value="Oracle Corporation"/>
    <property name="java.awt.graphicsenv" value="sun.awt.X11GraphicsEnvironment"/>
    <property name="surefire.real.class.path" value="/home/milencho/SauceDemo/target/surefire/surefirebooter10347065317682858127.jar"/>
    <property name="sun.management.compiler" value="HotSpot 64-Bit Tiered Compilers"/>
    <property name="java.runtime.version" value="11.0.10+9-Ubuntu-0ubuntu1.20.10"/>
    <property name="user.name" value="milencho"/>
    <property name="path.separator" value=":"/>
    <property name="os.version" value="5.8.0-43-generic"/>
    <property name="java.runtime.name" value="OpenJDK Runtime Environment"/>
    <property name="file.encoding" value="UTF-8"/>
    <property name="sun.nio.ch.bugLevel" value=""/>
    <property name="java.vm.name" value="OpenJDK 64-Bit Server VM"/>
    <property name="localRepository" value="/home/milencho/.m2/repository"/>
    <property name="java.vendor.url.bug" value="https://bugs.launchpad.net/ubuntu/+source/openjdk-lts"/>
    <property name="java.io.tmpdir" value="/tmp"/>
    <property name="java.version" value="11.0.10"/>
    <property name="user.dir" value="/home/milencho/SauceDemo"/>
    <property name="os.arch" value="amd64"/>
    <property name="java.vm.specification.name" value="Java Virtual Machine Specification"/>
    <property name="java.awt.printerjob" value="sun.print.PSPrinterJob"/>
    <property name="sun.os.patch.level" value="unknown"/>
    <property name="java.library.path" value="/usr/java/packages/lib:/usr/lib/x86_64-linux-gnu/jni:/lib/x86_64-linux-gnu:/usr/lib/x86_64-linux-gnu:/usr/lib/jni:/lib:/usr/lib"/>
    <property name="java.vm.info" value="mixed mode, sharing"/>
    <property name="java.vendor" value="Ubuntu"/>
    <property name="java.vm.version" value="11.0.10+9-Ubuntu-0ubuntu1.20.10"/>
    <property name="sun.io.unicode.encoding" value="UnicodeLittle"/>
    <property name="java.class.version" value="55.0"/>
  </properties>
  <testcase name="startBrowser" classname="Logins.LoginDemoPageTest" time="0.525">
    <failure message="Could not start a new session. Possible causes are invalid address of the remote server or browser start-up failure.&#10;Build info: version: &apos;4.0.0-beta-1&apos;, revision: &apos;9c03156c2b&apos;&#10;System info: host: &apos;darkstar&apos;, ip: &apos;127.0.1.1&apos;, os.name: &apos;Linux&apos;, os.arch: &apos;amd64&apos;, os.version: &apos;5.8.0-43-generic&apos;, java.version: &apos;11.0.10&apos;&#10;Driver info: org.openqa.selenium.remote.RemoteWebDriver&#10;Command: [null, newSession {desiredCapabilities=Capabilities {browserName: chrome, chrome: chrome, goog:chromeOptions: {args: [], extensions: []}}}]&#10;Capabilities {}" type="org.openqa.selenium.SessionNotCreatedException"><![CDATA[org.openqa.selenium.SessionNotCreatedException: 
Could not start a new session. Possible causes are invalid address of the remote server or browser start-up failure.
Build info: version: '4.0.0-beta-1', revision: '9c03156c2b'
System info: host: 'darkstar', ip: '127.0.1.1', os.name: 'Linux', os.arch: 'amd64', os.version: '5.8.0-43-generic', java.version: '11.0.10'
Driver info: org.openqa.selenium.remote.RemoteWebDriver
Command: [null, newSession {desiredCapabilities=Capabilities {browserName: chrome, chrome: chrome, goog:chromeOptions: {args: [], extensions: []}}}]
Capabilities {}
	at Logins.LoginDemoPageTest.startBrowser(LoginDemoPageTest.java:14)
Caused by: java.io.UncheckedIOException: java.net.ConnectException: Connection refused: localhost/127.0.0.1:4444
	at Logins.LoginDemoPageTest.startBrowser(LoginDemoPageTest.java:14)
Caused by: java.net.ConnectException: Connection refused: localhost/127.0.0.1:4444
Caused by: io.netty.channel.AbstractChannel$AnnotatedConnectException: Connection refused: localhost/127.0.0.1:4444
Caused by: java.net.ConnectException: Connection refused
]]></failure>
    <system-err><![CDATA[Apr 13, 2021 3:33:51 PM org.openqa.selenium.remote.tracing.opentelemetry.OpenTelemetryTracer createTracer
INFO: Using OpenTelemetry for tracing
SLF4J: Failed to load class "org.slf4j.impl.StaticLoggerBinder".
SLF4J: Defaulting to no-operation (NOP) logger implementation
SLF4J: See http://www.slf4j.org/codes.html#StaticLoggerBinder for further details.
]]></system-err>
  </testcase>
  <testcase name="navigateAndLoginToDemoPage" classname="Logins.LoginDemoPageTest" time="0">
    <skipped message="Could not start a new session. Possible causes are invalid address of the remote server or browser start-up failure.&#10;Build info: version: &apos;4.0.0-beta-1&apos;, revision: &apos;9c03156c2b&apos;&#10;System info: host: &apos;darkstar&apos;, ip: &apos;127.0.1.1&apos;, os.name: &apos;Linux&apos;, os.arch: &apos;amd64&apos;, os.version: &apos;5.8.0-43-generic&apos;, java.version: &apos;11.0.10&apos;&#10;Driver info: org.openqa.selenium.remote.RemoteWebDriver&#10;Command: [null, newSession {desiredCapabilities=Capabilities {browserName: chrome, chrome: chrome, goog:chromeOptions: {args: [], extensions: []}}}]&#10;Capabilities {}"/>
  </testcase>
  <testcase name="closeBrowser" classname="Logins.LoginDemoPageTest" time="0">
    <skipped/>
  </testcase>
  <testcase name="navigateToAvailableProducts" classname="ProductsTest.CheckNumberOfProductsTest" time="0.022">
    <failure message="Could not start a new session. Possible causes are invalid address of the remote server or browser start-up failure.&#10;Build info: version: &apos;4.0.0-beta-1&apos;, revision: &apos;9c03156c2b&apos;&#10;System info: host: &apos;darkstar&apos;, ip: &apos;127.0.1.1&apos;, os.name: &apos;Linux&apos;, os.arch: &apos;amd64&apos;, os.version: &apos;5.8.0-43-generic&apos;, java.version: &apos;11.0.10&apos;&#10;Driver info: org.openqa.selenium.remote.RemoteWebDriver&#10;Command: [null, newSession {desiredCapabilities=Capabilities {browserName: chrome, chrome: chrome, goog:chromeOptions: {args: [], extensions: []}}}]&#10;Capabilities {}" type="org.openqa.selenium.SessionNotCreatedException"><![CDATA[org.openqa.selenium.SessionNotCreatedException: 
Could not start a new session. Possible causes are invalid address of the remote server or browser start-up failure.
Build info: version: '4.0.0-beta-1', revision: '9c03156c2b'
System info: host: 'darkstar', ip: '127.0.1.1', os.name: 'Linux', os.arch: 'amd64', os.version: '5.8.0-43-generic', java.version: '11.0.10'
Driver info: org.openqa.selenium.remote.RemoteWebDriver
Command: [null, newSession {desiredCapabilities=Capabilities {browserName: chrome, chrome: chrome, goog:chromeOptions: {args: [], extensions: []}}}]
Capabilities {}
	at ProductsTest.CheckNumberOfProductsTest.navigateToAvailableProducts(CheckNumberOfProductsTest.java:15)
Caused by: java.io.UncheckedIOException: java.net.ConnectException: Connection refused: localhost/127.0.0.1:4444
	at ProductsTest.CheckNumberOfProductsTest.navigateToAvailableProducts(CheckNumberOfProductsTest.java:15)
Caused by: java.net.ConnectException: Connection refused: localhost/127.0.0.1:4444
Caused by: io.netty.channel.AbstractChannel$AnnotatedConnectException: Connection refused: localhost/127.0.0.1:4444
Caused by: java.net.ConnectException: Connection refused
]]></failure>
  </testcase>
  <testcase name="CheckProductsTest" classname="ProductsTest.CheckNumberOfProductsTest" time="0">
    <skipped message="Could not start a new session. Possible causes are invalid address of the remote server or browser start-up failure.&#10;Build info: version: &apos;4.0.0-beta-1&apos;, revision: &apos;9c03156c2b&apos;&#10;System info: host: &apos;darkstar&apos;, ip: &apos;127.0.1.1&apos;, os.name: &apos;Linux&apos;, os.arch: &apos;amd64&apos;, os.version: &apos;5.8.0-43-generic&apos;, java.version: &apos;11.0.10&apos;&#10;Driver info: org.openqa.selenium.remote.RemoteWebDriver&#10;Command: [null, newSession {desiredCapabilities=Capabilities {browserName: chrome, chrome: chrome, goog:chromeOptions: {args: [], extensions: []}}}]&#10;Capabilities {}"/>
  </testcase>
  <testcase name="closeBrowser" classname="ProductsTest.CheckNumberOfProductsTest" time="0">
    <skipped/>
  </testcase>
</testsuite>